{"C:\\Users\\scott\\Documents\\Project1\\client\\assets\\js\\allposts.js": {"path":"C:\\Users\\scott\\Documents\\Project1\\client\\assets\\js\\allposts.js","statementMap":{"0":{"start":{"line":1,"column":15},"end":{"line":1,"column":48}},"1":{"start":{"line":2,"column":23},"end":{"line":2,"column":58}},"2":{"start":{"line":8,"column":4},"end":{"line":11,"column":25}},"3":{"start":{"line":9,"column":18},"end":{"line":9,"column":29}},"4":{"start":{"line":14,"column":0},"end":{"line":14,"column":14}},"5":{"start":{"line":18,"column":4},"end":{"line":98,"column":5}},"6":{"start":{"line":18,"column":14},"end":{"line":18,"column":15}},"7":{"start":{"line":19,"column":26},"end":{"line":19,"column":49}},"8":{"start":{"line":20,"column":75},"end":{"line":20,"column":92}},"9":{"start":{"line":22,"column":22},"end":{"line":22,"column":51}},"10":{"start":{"line":23,"column":8},"end":{"line":23,"column":55}},"11":{"start":{"line":24,"column":8},"end":{"line":24,"column":44}},"12":{"start":{"line":26,"column":27},"end":{"line":26,"column":56}},"13":{"start":{"line":27,"column":8},"end":{"line":27,"column":56}},"14":{"start":{"line":28,"column":8},"end":{"line":28,"column":42}},"15":{"start":{"line":31,"column":18},"end":{"line":31,"column":47}},"16":{"start":{"line":32,"column":8},"end":{"line":32,"column":50}},"17":{"start":{"line":33,"column":8},"end":{"line":33,"column":51}},"18":{"start":{"line":34,"column":8},"end":{"line":34,"column":45}},"19":{"start":{"line":35,"column":8},"end":{"line":37,"column":10}},"20":{"start":{"line":36,"column":12},"end":{"line":36,"column":56}},"21":{"start":{"line":38,"column":8},"end":{"line":40,"column":10}},"22":{"start":{"line":39,"column":12},"end":{"line":39,"column":55}},"23":{"start":{"line":41,"column":8},"end":{"line":41,"column":38}},"24":{"start":{"line":43,"column":23},"end":{"line":43,"column":52}},"25":{"start":{"line":44,"column":8},"end":{"line":44,"column":51}},"26":{"start":{"line":45,"column":8},"end":{"line":45,"column":43}},"27":{"start":{"line":47,"column":24},"end":{"line":47,"column":52}},"28":{"start":{"line":48,"column":8},"end":{"line":48,"column":53}},"29":{"start":{"line":49,"column":8},"end":{"line":49,"column":46}},"30":{"start":{"line":50,"column":8},"end":{"line":50,"column":40}},"31":{"start":{"line":52,"column":23},"end":{"line":52,"column":50}},"32":{"start":{"line":53,"column":8},"end":{"line":53,"column":51}},"33":{"start":{"line":54,"column":8},"end":{"line":54,"column":47}},"34":{"start":{"line":55,"column":8},"end":{"line":55,"column":39}},"35":{"start":{"line":57,"column":28},"end":{"line":57,"column":55}},"36":{"start":{"line":58,"column":8},"end":{"line":58,"column":62}},"37":{"start":{"line":59,"column":8},"end":{"line":59,"column":59}},"38":{"start":{"line":60,"column":8},"end":{"line":60,"column":45}},"39":{"start":{"line":61,"column":8},"end":{"line":61,"column":44}},"40":{"start":{"line":63,"column":27},"end":{"line":63,"column":56}},"41":{"start":{"line":64,"column":8},"end":{"line":64,"column":60}},"42":{"start":{"line":65,"column":8},"end":{"line":65,"column":43}},"43":{"start":{"line":67,"column":25},"end":{"line":67,"column":52}},"44":{"start":{"line":68,"column":8},"end":{"line":68,"column":61}},"45":{"start":{"line":69,"column":8},"end":{"line":69,"column":45}},"46":{"start":{"line":70,"column":28},"end":{"line":70,"column":58}},"47":{"start":{"line":71,"column":8},"end":{"line":71,"column":60}},"48":{"start":{"line":72,"column":8},"end":{"line":72,"column":46}},"49":{"start":{"line":73,"column":8},"end":{"line":73,"column":48}},"50":{"start":{"line":75,"column":25},"end":{"line":75,"column":52}},"51":{"start":{"line":76,"column":8},"end":{"line":76,"column":57}},"52":{"start":{"line":77,"column":8},"end":{"line":77,"column":45}},"53":{"start":{"line":78,"column":28},"end":{"line":78,"column":58}},"54":{"start":{"line":79,"column":8},"end":{"line":79,"column":59}},"55":{"start":{"line":80,"column":8},"end":{"line":80,"column":46}},"56":{"start":{"line":81,"column":8},"end":{"line":81,"column":48}},"57":{"start":{"line":83,"column":24},"end":{"line":83,"column":51}},"58":{"start":{"line":84,"column":8},"end":{"line":84,"column":56}},"59":{"start":{"line":85,"column":8},"end":{"line":85,"column":44}},"60":{"start":{"line":86,"column":27},"end":{"line":86,"column":57}},"61":{"start":{"line":87,"column":8},"end":{"line":87,"column":58}},"62":{"start":{"line":88,"column":8},"end":{"line":88,"column":44}},"63":{"start":{"line":89,"column":8},"end":{"line":89,"column":47}},"64":{"start":{"line":91,"column":27},"end":{"line":91,"column":54}},"65":{"start":{"line":92,"column":8},"end":{"line":92,"column":62}},"66":{"start":{"line":93,"column":8},"end":{"line":93,"column":47}},"67":{"start":{"line":94,"column":30},"end":{"line":94,"column":60}},"68":{"start":{"line":95,"column":8},"end":{"line":95,"column":63}},"69":{"start":{"line":96,"column":8},"end":{"line":96,"column":50}},"70":{"start":{"line":97,"column":8},"end":{"line":97,"column":50}},"71":{"start":{"line":103,"column":15},"end":{"line":103,"column":43}},"72":{"start":{"line":104,"column":25},"end":{"line":104,"column":82}},"73":{"start":{"line":105,"column":24},"end":{"line":105,"column":80}},"74":{"start":{"line":108,"column":25},"end":{"line":108,"column":27}},"75":{"start":{"line":109,"column":4},"end":{"line":111,"column":9}},"76":{"start":{"line":109,"column":17},"end":{"line":109,"column":18}},"77":{"start":{"line":110,"column":8},"end":{"line":110,"column":95}},"78":{"start":{"line":114,"column":4},"end":{"line":121,"column":5}},"79":{"start":{"line":114,"column":14},"end":{"line":114,"column":15}},"80":{"start":{"line":115,"column":26},"end":{"line":115,"column":43}},"81":{"start":{"line":116,"column":7},"end":{"line":120,"column":9}},"82":{"start":{"line":117,"column":12},"end":{"line":117,"column":85}},"83":{"start":{"line":119,"column":12},"end":{"line":119,"column":84}},"84":{"start":{"line":124,"column":0},"end":{"line":128,"column":1}}},"fnMap":{"0":{"name":"getAllPosts","decl":{"start":{"line":7,"column":9},"end":{"line":7,"column":20}},"loc":{"start":{"line":7,"column":22},"end":{"line":12,"column":1}},"line":7},"1":{"name":"(anonymous_1)","decl":{"start":{"line":9,"column":10},"end":{"line":9,"column":11}},"loc":{"start":{"line":9,"column":18},"end":{"line":9,"column":29}},"line":9},"2":{"name":"appendPosts","decl":{"start":{"line":17,"column":9},"end":{"line":17,"column":20}},"loc":{"start":{"line":17,"column":26},"end":{"line":99,"column":1}},"line":17},"3":{"name":"(anonymous_3)","decl":{"start":{"line":35,"column":43},"end":{"line":35,"column":44}},"loc":{"start":{"line":35,"column":54},"end":{"line":37,"column":9}},"line":35},"4":{"name":"(anonymous_4)","decl":{"start":{"line":38,"column":43},"end":{"line":38,"column":44}},"loc":{"start":{"line":38,"column":54},"end":{"line":40,"column":9}},"line":38},"5":{"name":"filterPosts","decl":{"start":{"line":102,"column":9},"end":{"line":102,"column":20}},"loc":{"start":{"line":102,"column":24},"end":{"line":122,"column":1}},"line":102}},"branchMap":{"0":{"loc":{"start":{"line":116,"column":7},"end":{"line":120,"column":9}},"type":"if","locations":[{"start":{"line":116,"column":7},"end":{"line":120,"column":9}},{"start":{"line":116,"column":7},"end":{"line":120,"column":9}}],"line":116}},"s":{"0":1,"1":1,"2":2,"3":2,"4":1,"5":2,"6":2,"7":0,"8":0,"9":0,"10":0,"11":0,"12":0,"13":0,"14":0,"15":0,"16":0,"17":0,"18":0,"19":0,"20":0,"21":0,"22":0,"23":0,"24":0,"25":0,"26":0,"27":0,"28":0,"29":0,"30":0,"31":0,"32":0,"33":0,"34":0,"35":0,"36":0,"37":0,"38":0,"39":0,"40":0,"41":0,"42":0,"43":0,"44":0,"45":0,"46":0,"47":0,"48":0,"49":0,"50":0,"51":0,"52":0,"53":0,"54":0,"55":0,"56":0,"57":0,"58":0,"59":0,"60":0,"61":0,"62":0,"63":0,"64":0,"65":0,"66":0,"67":0,"68":0,"69":0,"70":0,"71":0,"72":0,"73":0,"74":0,"75":0,"76":0,"77":0,"78":0,"79":0,"80":0,"81":0,"82":0,"83":0,"84":1},"f":{"0":2,"1":2,"2":2,"3":0,"4":0,"5":0},"b":{"0":[0,0]},"_coverageSchema":"1a1c01bbd47fc00a2c39e90264f33305004495a9","hash":"a1bcaa9416e8815386ef07e7288b14e2dabf94df"}
,"C:\\Users\\scott\\Documents\\Project1\\client\\assets\\js\\index.js": {"path":"C:\\Users\\scott\\Documents\\Project1\\client\\assets\\js\\index.js","statementMap":{"0":{"start":{"line":1,"column":0},"end":{"line":1,"column":16}},"1":{"start":{"line":4,"column":2},"end":{"line":14,"column":35}},"2":{"start":{"line":6,"column":6},"end":{"line":8,"column":7}},"3":{"start":{"line":7,"column":8},"end":{"line":7,"column":51}},"4":{"start":{"line":9,"column":6},"end":{"line":9,"column":23}},"5":{"start":{"line":12,"column":8},"end":{"line":12,"column":23}},"6":{"start":{"line":14,"column":18},"end":{"line":14,"column":34}},"7":{"start":{"line":19,"column":22},"end":{"line":19,"column":37}},"8":{"start":{"line":20,"column":22},"end":{"line":20,"column":42}},"9":{"start":{"line":21,"column":21},"end":{"line":21,"column":35}},"10":{"start":{"line":23,"column":71},"end":{"line":23,"column":85}},"11":{"start":{"line":25,"column":15},"end":{"line":25,"column":55}},"12":{"start":{"line":26,"column":4},"end":{"line":26,"column":43}},"13":{"start":{"line":28,"column":19},"end":{"line":28,"column":69}},"14":{"start":{"line":29,"column":4},"end":{"line":29,"column":38}},"15":{"start":{"line":31,"column":18},"end":{"line":31,"column":70}},"16":{"start":{"line":32,"column":4},"end":{"line":32,"column":39}},"17":{"start":{"line":34,"column":14},"end":{"line":34,"column":56}},"18":{"start":{"line":35,"column":4},"end":{"line":35,"column":26}},"19":{"start":{"line":37,"column":24},"end":{"line":37,"column":77}},"20":{"start":{"line":38,"column":4},"end":{"line":38,"column":44}},"21":{"start":{"line":39,"column":21},"end":{"line":39,"column":72}},"22":{"start":{"line":40,"column":4},"end":{"line":40,"column":39}},"23":{"start":{"line":41,"column":21},"end":{"line":41,"column":73}},"24":{"start":{"line":42,"column":4},"end":{"line":42,"column":39}},"25":{"start":{"line":43,"column":21},"end":{"line":43,"column":72}},"26":{"start":{"line":44,"column":4},"end":{"line":44,"column":38}},"27":{"start":{"line":46,"column":15},"end":{"line":46,"column":38}},"28":{"start":{"line":47,"column":18},"end":{"line":47,"column":69}},"29":{"start":{"line":48,"column":4},"end":{"line":48,"column":31}},"30":{"start":{"line":53,"column":21},"end":{"line":57,"column":6}},"31":{"start":{"line":59,"column":4},"end":{"line":59,"column":46}},"32":{"start":{"line":62,"column":2},"end":{"line":66,"column":1}}},"fnMap":{"0":{"name":"getRandomPost","decl":{"start":{"line":3,"column":9},"end":{"line":3,"column":22}},"loc":{"start":{"line":3,"column":25},"end":{"line":15,"column":1}},"line":3},"1":{"name":"(anonymous_1)","decl":{"start":{"line":5,"column":10},"end":{"line":5,"column":11}},"loc":{"start":{"line":5,"column":23},"end":{"line":10,"column":5}},"line":5},"2":{"name":"(anonymous_2)","decl":{"start":{"line":11,"column":10},"end":{"line":11,"column":11}},"loc":{"start":{"line":11,"column":25},"end":{"line":13,"column":5}},"line":11},"3":{"name":"(anonymous_3)","decl":{"start":{"line":14,"column":11},"end":{"line":14,"column":12}},"loc":{"start":{"line":14,"column":18},"end":{"line":14,"column":34}},"line":14},"4":{"name":"updateUI","decl":{"start":{"line":17,"column":9},"end":{"line":17,"column":17}},"loc":{"start":{"line":17,"column":24},"end":{"line":50,"column":1}},"line":17},"5":{"name":"format_time","decl":{"start":{"line":52,"column":9},"end":{"line":52,"column":20}},"loc":{"start":{"line":52,"column":24},"end":{"line":60,"column":3}},"line":52}},"branchMap":{"0":{"loc":{"start":{"line":6,"column":6},"end":{"line":8,"column":7}},"type":"if","locations":[{"start":{"line":6,"column":6},"end":{"line":8,"column":7}},{"start":{"line":6,"column":6},"end":{"line":8,"column":7}}],"line":6}},"s":{"0":1,"1":2,"2":2,"3":0,"4":2,"5":0,"6":2,"7":1,"8":0,"9":0,"10":0,"11":0,"12":0,"13":0,"14":0,"15":0,"16":0,"17":0,"18":0,"19":0,"20":0,"21":0,"22":0,"23":0,"24":0,"25":0,"26":0,"27":0,"28":0,"29":0,"30":1,"31":1,"32":1},"f":{"0":2,"1":2,"2":0,"3":2,"4":1,"5":1},"b":{"0":[0,2]},"_coverageSchema":"1a1c01bbd47fc00a2c39e90264f33305004495a9","hash":"70e2e8397417d48ff270e763156dcef377ead2ac"}
,"C:\\Users\\scott\\Documents\\Project1\\server\\app.js": {"path":"C:\\Users\\scott\\Documents\\Project1\\server\\app.js","statementMap":{"0":{"start":{"line":1,"column":0},"end":{"line":3,"column":1}},"1":{"start":{"line":2,"column":4},"end":{"line":2,"column":31}},"2":{"start":{"line":5,"column":16},"end":{"line":5,"column":34}},"3":{"start":{"line":6,"column":13},"end":{"line":6,"column":28}},"4":{"start":{"line":7,"column":11},"end":{"line":7,"column":24}},"5":{"start":{"line":9,"column":12},"end":{"line":9,"column":21}},"6":{"start":{"line":11,"column":0},"end":{"line":11,"column":16}},"7":{"start":{"line":12,"column":0},"end":{"line":12,"column":24}},"8":{"start":{"line":14,"column":13},"end":{"line":14,"column":40}},"9":{"start":{"line":17,"column":0},"end":{"line":19,"column":2}},"10":{"start":{"line":17,"column":26},"end":{"line":19,"column":1}},"11":{"start":{"line":22,"column":0},"end":{"line":24,"column":2}},"12":{"start":{"line":23,"column":4},"end":{"line":23,"column":28}},"13":{"start":{"line":27,"column":0},"end":{"line":31,"column":2}},"14":{"start":{"line":28,"column":19},"end":{"line":28,"column":33}},"15":{"start":{"line":29,"column":18},"end":{"line":29,"column":31}},"16":{"start":{"line":30,"column":4},"end":{"line":30,"column":22}},"17":{"start":{"line":34,"column":0},"end":{"line":44,"column":2}},"18":{"start":{"line":36,"column":15},"end":{"line":36,"column":23}},"19":{"start":{"line":38,"column":4},"end":{"line":43,"column":5}},"20":{"start":{"line":39,"column":24},"end":{"line":39,"column":41}},"21":{"start":{"line":40,"column":8},"end":{"line":40,"column":38}},"22":{"start":{"line":42,"column":8},"end":{"line":42,"column":67}},"23":{"start":{"line":47,"column":0},"end":{"line":57,"column":2}},"24":{"start":{"line":49,"column":16},"end":{"line":49,"column":42}},"25":{"start":{"line":51,"column":4},"end":{"line":56,"column":5}},"26":{"start":{"line":52,"column":19},"end":{"line":52,"column":39}},"27":{"start":{"line":53,"column":8},"end":{"line":53,"column":35}},"28":{"start":{"line":55,"column":8},"end":{"line":55,"column":54}},"29":{"start":{"line":60,"column":0},"end":{"line":73,"column":2}},"30":{"start":{"line":62,"column":19},"end":{"line":62,"column":33}},"31":{"start":{"line":64,"column":4},"end":{"line":72,"column":5}},"32":{"start":{"line":65,"column":20},"end":{"line":65,"column":36}},"33":{"start":{"line":66,"column":8},"end":{"line":68,"column":9}},"34":{"start":{"line":67,"column":10},"end":{"line":67,"column":43}},"35":{"start":{"line":69,"column":8},"end":{"line":69,"column":62}},"36":{"start":{"line":71,"column":8},"end":{"line":71,"column":54}},"37":{"start":{"line":76,"column":0},"end":{"line":90,"column":2}},"38":{"start":{"line":77,"column":18},"end":{"line":77,"column":26}},"39":{"start":{"line":78,"column":13},"end":{"line":78,"column":43}},"40":{"start":{"line":80,"column":19},"end":{"line":80,"column":33}},"41":{"start":{"line":81,"column":20},"end":{"line":81,"column":49}},"42":{"start":{"line":82,"column":15},"end":{"line":82,"column":34}},"43":{"start":{"line":83,"column":4},"end":{"line":83,"column":29}},"44":{"start":{"line":84,"column":4},"end":{"line":84,"column":37}},"45":{"start":{"line":85,"column":4},"end":{"line":87,"column":6}},"46":{"start":{"line":86,"column":8},"end":{"line":86,"column":42}},"47":{"start":{"line":86,"column":16},"end":{"line":86,"column":42}},"48":{"start":{"line":89,"column":4},"end":{"line":89,"column":19}},"49":{"start":{"line":93,"column":0},"end":{"line":107,"column":2}},"50":{"start":{"line":94,"column":19},"end":{"line":94,"column":38}},"51":{"start":{"line":95,"column":13},"end":{"line":95,"column":43}},"52":{"start":{"line":97,"column":19},"end":{"line":97,"column":33}},"53":{"start":{"line":98,"column":20},"end":{"line":98,"column":49}},"54":{"start":{"line":99,"column":15},"end":{"line":99,"column":34}},"55":{"start":{"line":100,"column":4},"end":{"line":100,"column":31}},"56":{"start":{"line":101,"column":4},"end":{"line":101,"column":37}},"57":{"start":{"line":102,"column":4},"end":{"line":104,"column":6}},"58":{"start":{"line":103,"column":8},"end":{"line":103,"column":42}},"59":{"start":{"line":103,"column":16},"end":{"line":103,"column":42}},"60":{"start":{"line":106,"column":4},"end":{"line":106,"column":33}},"61":{"start":{"line":109,"column":0},"end":{"line":109,"column":21}}},"fnMap":{"0":{"name":"(anonymous_0)","decl":{"start":{"line":17,"column":13},"end":{"line":17,"column":14}},"loc":{"start":{"line":17,"column":26},"end":{"line":19,"column":1}},"line":17},"1":{"name":"(anonymous_1)","decl":{"start":{"line":22,"column":25},"end":{"line":22,"column":26}},"loc":{"start":{"line":22,"column":39},"end":{"line":24,"column":1}},"line":22},"2":{"name":"(anonymous_2)","decl":{"start":{"line":27,"column":18},"end":{"line":27,"column":19}},"loc":{"start":{"line":27,"column":31},"end":{"line":31,"column":1}},"line":27},"3":{"name":"(anonymous_3)","decl":{"start":{"line":34,"column":19},"end":{"line":34,"column":20}},"loc":{"start":{"line":34,"column":32},"end":{"line":44,"column":1}},"line":34},"4":{"name":"(anonymous_4)","decl":{"start":{"line":47,"column":25},"end":{"line":47,"column":26}},"loc":{"start":{"line":47,"column":38},"end":{"line":57,"column":1}},"line":47},"5":{"name":"(anonymous_5)","decl":{"start":{"line":60,"column":34},"end":{"line":60,"column":35}},"loc":{"start":{"line":60,"column":47},"end":{"line":73,"column":1}},"line":60},"6":{"name":"(anonymous_6)","decl":{"start":{"line":76,"column":34},"end":{"line":76,"column":35}},"loc":{"start":{"line":76,"column":47},"end":{"line":90,"column":1}},"line":76},"7":{"name":"(anonymous_7)","decl":{"start":{"line":85,"column":87},"end":{"line":85,"column":88}},"loc":{"start":{"line":85,"column":104},"end":{"line":87,"column":5}},"line":85},"8":{"name":"(anonymous_8)","decl":{"start":{"line":93,"column":35},"end":{"line":93,"column":36}},"loc":{"start":{"line":93,"column":48},"end":{"line":107,"column":1}},"line":93},"9":{"name":"(anonymous_9)","decl":{"start":{"line":102,"column":87},"end":{"line":102,"column":88}},"loc":{"start":{"line":102,"column":104},"end":{"line":104,"column":5}},"line":102}},"branchMap":{"0":{"loc":{"start":{"line":1,"column":0},"end":{"line":3,"column":1}},"type":"if","locations":[{"start":{"line":1,"column":0},"end":{"line":3,"column":1}},{"start":{"line":1,"column":0},"end":{"line":3,"column":1}}],"line":1},"1":{"loc":{"start":{"line":66,"column":8},"end":{"line":68,"column":9}},"type":"if","locations":[{"start":{"line":66,"column":8},"end":{"line":68,"column":9}},{"start":{"line":66,"column":8},"end":{"line":68,"column":9}}],"line":66},"2":{"loc":{"start":{"line":66,"column":12},"end":{"line":66,"column":53}},"type":"binary-expr","locations":[{"start":{"line":66,"column":12},"end":{"line":66,"column":21}},{"start":{"line":66,"column":25},"end":{"line":66,"column":53}}],"line":66},"3":{"loc":{"start":{"line":85,"column":22},"end":{"line":85,"column":52}},"type":"binary-expr","locations":[{"start":{"line":85,"column":22},"end":{"line":85,"column":41}},{"start":{"line":85,"column":45},"end":{"line":85,"column":52}}],"line":85},"4":{"loc":{"start":{"line":86,"column":8},"end":{"line":86,"column":42}},"type":"if","locations":[{"start":{"line":86,"column":8},"end":{"line":86,"column":42}},{"start":{"line":86,"column":8},"end":{"line":86,"column":42}}],"line":86},"5":{"loc":{"start":{"line":102,"column":22},"end":{"line":102,"column":52}},"type":"binary-expr","locations":[{"start":{"line":102,"column":22},"end":{"line":102,"column":41}},{"start":{"line":102,"column":45},"end":{"line":102,"column":52}}],"line":102},"6":{"loc":{"start":{"line":103,"column":8},"end":{"line":103,"column":42}},"type":"if","locations":[{"start":{"line":103,"column":8},"end":{"line":103,"column":42}},{"start":{"line":103,"column":8},"end":{"line":103,"column":42}}],"line":103}},"s":{"0":1,"1":1,"2":1,"3":1,"4":1,"5":1,"6":1,"7":1,"8":1,"9":1,"10":1,"11":1,"12":1,"13":1,"14":1,"15":1,"16":1,"17":1,"18":2,"19":2,"20":2,"21":1,"22":1,"23":1,"24":2,"25":2,"26":2,"27":1,"28":1,"29":1,"30":1,"31":1,"32":1,"33":1,"34":0,"35":1,"36":0,"37":1,"38":0,"39":0,"40":0,"41":0,"42":0,"43":0,"44":0,"45":0,"46":0,"47":0,"48":0,"49":1,"50":0,"51":0,"52":0,"53":0,"54":0,"55":0,"56":0,"57":0,"58":0,"59":0,"60":0,"61":1},"f":{"0":1,"1":1,"2":1,"3":2,"4":2,"5":1,"6":0,"7":0,"8":0,"9":0},"b":{"0":[1,0],"1":[0,1],"2":[1,1],"3":[0,0],"4":[0,0],"5":[0,0],"6":[0,0]},"_coverageSchema":"1a1c01bbd47fc00a2c39e90264f33305004495a9","hash":"936318cde2ff918791ab79959e18bbff7886e57e"}
,"C:\\Users\\scott\\Documents\\Project1\\server\\models\\post.js": {"path":"C:\\Users\\scott\\Documents\\Project1\\server\\models\\post.js","statementMap":{"0":{"start":{"line":1,"column":0},"end":{"line":3,"column":1}},"1":{"start":{"line":2,"column":4},"end":{"line":2,"column":31}},"2":{"start":{"line":4,"column":11},"end":{"line":4,"column":24}},"3":{"start":{"line":5,"column":18},"end":{"line":5,"column":70}},"4":{"start":{"line":9,"column":8},"end":{"line":9,"column":44}},"5":{"start":{"line":10,"column":8},"end":{"line":10,"column":48}},"6":{"start":{"line":13,"column":25},"end":{"line":13,"column":96}},"7":{"start":{"line":14,"column":8},"end":{"line":14,"column":39}},"8":{"start":{"line":21,"column":8},"end":{"line":21,"column":26}},"9":{"start":{"line":22,"column":8},"end":{"line":22,"column":32}},"10":{"start":{"line":23,"column":8},"end":{"line":23,"column":36}},"11":{"start":{"line":24,"column":8},"end":{"line":24,"column":28}},"12":{"start":{"line":25,"column":8},"end":{"line":25,"column":105}},"13":{"start":{"line":25,"column":66},"end":{"line":25,"column":87}},"14":{"start":{"line":26,"column":8},"end":{"line":26,"column":40}},"15":{"start":{"line":27,"column":8},"end":{"line":27,"column":40}},"16":{"start":{"line":32,"column":8},"end":{"line":35,"column":9}},"17":{"start":{"line":33,"column":12},"end":{"line":33,"column":47}},"18":{"start":{"line":34,"column":12},"end":{"line":34,"column":18}},"19":{"start":{"line":37,"column":22},"end":{"line":43,"column":9}},"20":{"start":{"line":45,"column":8},"end":{"line":52,"column":10}},"21":{"start":{"line":46,"column":23},"end":{"line":46,"column":39}},"22":{"start":{"line":47,"column":12},"end":{"line":47,"column":36}},"23":{"start":{"line":49,"column":12},"end":{"line":51,"column":14}},"24":{"start":{"line":50,"column":16},"end":{"line":50,"column":50}},"25":{"start":{"line":50,"column":24},"end":{"line":50,"column":50}},"26":{"start":{"line":54,"column":8},"end":{"line":54,"column":33}},"27":{"start":{"line":58,"column":26},"end":{"line":58,"column":49}},"28":{"start":{"line":59,"column":8},"end":{"line":59,"column":40}},"29":{"start":{"line":60,"column":8},"end":{"line":60,"column":29}},"30":{"start":{"line":64,"column":8},"end":{"line":64,"column":35}},"31":{"start":{"line":65,"column":8},"end":{"line":65,"column":30}},"32":{"start":{"line":69,"column":8},"end":{"line":74,"column":9}},"33":{"start":{"line":70,"column":23},"end":{"line":70,"column":66}},"34":{"start":{"line":70,"column":51},"end":{"line":70,"column":65}},"35":{"start":{"line":71,"column":12},"end":{"line":71,"column":34}},"36":{"start":{"line":73,"column":12},"end":{"line":73,"column":57}},"37":{"start":{"line":78,"column":8},"end":{"line":82,"column":9}},"38":{"start":{"line":79,"column":12},"end":{"line":79,"column":29}},"39":{"start":{"line":81,"column":12},"end":{"line":81,"column":56}},"40":{"start":{"line":86,"column":8},"end":{"line":91,"column":9}},"41":{"start":{"line":87,"column":25},"end":{"line":87,"column":76}},"42":{"start":{"line":88,"column":12},"end":{"line":88,"column":41}},"43":{"start":{"line":90,"column":12},"end":{"line":90,"column":56}},"44":{"start":{"line":95,"column":0},"end":{"line":95,"column":22}}},"fnMap":{"0":{"name":"(anonymous_0)","decl":{"start":{"line":8,"column":4},"end":{"line":8,"column":5}},"loc":{"start":{"line":8,"column":21},"end":{"line":11,"column":5}},"line":8},"1":{"name":"(anonymous_1)","decl":{"start":{"line":12,"column":4},"end":{"line":12,"column":5}},"loc":{"start":{"line":12,"column":22},"end":{"line":15,"column":5}},"line":12},"2":{"name":"(anonymous_2)","decl":{"start":{"line":20,"column":4},"end":{"line":20,"column":5}},"loc":{"start":{"line":20,"column":21},"end":{"line":28,"column":5}},"line":20},"3":{"name":"(anonymous_3)","decl":{"start":{"line":25,"column":60},"end":{"line":25,"column":61}},"loc":{"start":{"line":25,"column":65},"end":{"line":25,"column":88}},"line":25},"4":{"name":"(anonymous_4)","decl":{"start":{"line":30,"column":4},"end":{"line":30,"column":5}},"loc":{"start":{"line":30,"column":24},"end":{"line":55,"column":5}},"line":30},"5":{"name":"(anonymous_5)","decl":{"start":{"line":45,"column":64},"end":{"line":45,"column":65}},"loc":{"start":{"line":45,"column":79},"end":{"line":52,"column":9}},"line":45},"6":{"name":"(anonymous_6)","decl":{"start":{"line":49,"column":91},"end":{"line":49,"column":92}},"loc":{"start":{"line":49,"column":108},"end":{"line":51,"column":13}},"line":49},"7":{"name":"(anonymous_7)","decl":{"start":{"line":57,"column":4},"end":{"line":57,"column":5}},"loc":{"start":{"line":57,"column":23},"end":{"line":61,"column":5}},"line":57},"8":{"name":"(anonymous_8)","decl":{"start":{"line":63,"column":4},"end":{"line":63,"column":5}},"loc":{"start":{"line":63,"column":25},"end":{"line":66,"column":5}},"line":63},"9":{"name":"(anonymous_9)","decl":{"start":{"line":68,"column":4},"end":{"line":68,"column":5}},"loc":{"start":{"line":68,"column":24},"end":{"line":75,"column":5}},"line":68},"10":{"name":"(anonymous_10)","decl":{"start":{"line":70,"column":43},"end":{"line":70,"column":44}},"loc":{"start":{"line":70,"column":51},"end":{"line":70,"column":65}},"line":70},"11":{"name":"(anonymous_11)","decl":{"start":{"line":77,"column":4},"end":{"line":77,"column":5}},"loc":{"start":{"line":77,"column":21},"end":{"line":83,"column":5}},"line":77},"12":{"name":"(anonymous_12)","decl":{"start":{"line":85,"column":4},"end":{"line":85,"column":5}},"loc":{"start":{"line":85,"column":20},"end":{"line":92,"column":5}},"line":85}},"branchMap":{"0":{"loc":{"start":{"line":1,"column":0},"end":{"line":3,"column":1}},"type":"if","locations":[{"start":{"line":1,"column":0},"end":{"line":3,"column":1}},{"start":{"line":1,"column":0},"end":{"line":3,"column":1}}],"line":1},"1":{"loc":{"start":{"line":5,"column":32},"end":{"line":5,"column":62}},"type":"binary-expr","locations":[{"start":{"line":5,"column":32},"end":{"line":5,"column":51}},{"start":{"line":5,"column":55},"end":{"line":5,"column":62}}],"line":5},"2":{"loc":{"start":{"line":25,"column":24},"end":{"line":25,"column":104}},"type":"cond-expr","locations":[{"start":{"line":25,"column":42},"end":{"line":25,"column":89}},{"start":{"line":25,"column":91},"end":{"line":25,"column":104}}],"line":25},"3":{"loc":{"start":{"line":32,"column":8},"end":{"line":35,"column":9}},"type":"if","locations":[{"start":{"line":32,"column":8},"end":{"line":35,"column":9}},{"start":{"line":32,"column":8},"end":{"line":35,"column":9}}],"line":32},"4":{"loc":{"start":{"line":45,"column":25},"end":{"line":45,"column":55}},"type":"binary-expr","locations":[{"start":{"line":45,"column":25},"end":{"line":45,"column":44}},{"start":{"line":45,"column":48},"end":{"line":45,"column":55}}],"line":45},"5":{"loc":{"start":{"line":49,"column":30},"end":{"line":49,"column":60}},"type":"binary-expr","locations":[{"start":{"line":49,"column":30},"end":{"line":49,"column":49}},{"start":{"line":49,"column":53},"end":{"line":49,"column":60}}],"line":49},"6":{"loc":{"start":{"line":50,"column":16},"end":{"line":50,"column":50}},"type":"if","locations":[{"start":{"line":50,"column":16},"end":{"line":50,"column":50}},{"start":{"line":50,"column":16},"end":{"line":50,"column":50}}],"line":50}},"s":{"0":1,"1":1,"2":1,"3":1,"4":6,"5":6,"6":0,"7":0,"8":5,"9":4,"10":4,"11":4,"12":4,"13":6,"14":4,"15":4,"16":2,"17":1,"18":0,"19":1,"20":1,"21":1,"22":0,"23":0,"24":0,"25":0,"26":1,"27":0,"28":0,"29":0,"30":0,"31":0,"32":4,"33":4,"34":6,"35":4,"36":1,"37":4,"38":4,"39":0,"40":1,"41":1,"42":1,"43":0,"44":1},"f":{"0":6,"1":0,"2":5,"3":6,"4":2,"5":1,"6":0,"7":0,"8":0,"9":4,"10":6,"11":4,"12":1},"b":{"0":[1,0],"1":[1,1],"2":[4,0],"3":[1,1],"4":[1,1],"5":[0,0],"6":[0,0]},"_coverageSchema":"1a1c01bbd47fc00a2c39e90264f33305004495a9","hash":"f4189c4ea116266588002461818d48db44c62fa1"}
}
