TN:
SF:client\assets\js\allposts.js
FN:7,getAllPosts
FN:9,(anonymous_1)
FN:17,appendPosts
FN:35,(anonymous_3)
FN:38,(anonymous_4)
FN:102,filterPosts
FNF:6
FNH:3
FNDA:2,getAllPosts
FNDA:2,(anonymous_1)
FNDA:2,appendPosts
FNDA:0,(anonymous_3)
FNDA:0,(anonymous_4)
FNDA:0,filterPosts
DA:1,1
DA:2,1
DA:8,2
DA:9,2
DA:14,1
DA:18,2
DA:19,0
DA:20,0
DA:22,0
DA:23,0
DA:24,0
DA:26,0
DA:27,0
DA:28,0
DA:31,0
DA:32,0
DA:33,0
DA:34,0
DA:35,0
DA:36,0
DA:38,0
DA:39,0
DA:41,0
DA:43,0
DA:44,0
DA:45,0
DA:47,0
DA:48,0
DA:49,0
DA:50,0
DA:52,0
DA:53,0
DA:54,0
DA:55,0
DA:57,0
DA:58,0
DA:59,0
DA:60,0
DA:61,0
DA:63,0
DA:64,0
DA:65,0
DA:67,0
DA:68,0
DA:69,0
DA:70,0
DA:71,0
DA:72,0
DA:73,0
DA:75,0
DA:76,0
DA:77,0
DA:78,0
DA:79,0
DA:80,0
DA:81,0
DA:83,0
DA:84,0
DA:85,0
DA:86,0
DA:87,0
DA:88,0
DA:89,0
DA:91,0
DA:92,0
DA:93,0
DA:94,0
DA:95,0
DA:96,0
DA:97,0
DA:103,0
DA:104,0
DA:105,0
DA:108,0
DA:109,0
DA:110,0
DA:114,0
DA:115,0
DA:116,0
DA:117,0
DA:119,0
DA:124,1
LF:82
LH:7
BRDA:116,0,0,0
BRDA:116,0,1,0
BRF:2
BRH:0
end_of_record
TN:
SF:client\assets\js\index.js
FN:3,getRandomPost
FN:5,(anonymous_1)
FN:11,(anonymous_2)
FN:14,(anonymous_3)
FN:17,updateUI
FN:52,format_time
FNF:6
FNH:5
FNDA:2,getRandomPost
FNDA:2,(anonymous_1)
FNDA:0,(anonymous_2)
FNDA:2,(anonymous_3)
FNDA:1,updateUI
FNDA:1,format_time
DA:1,1
DA:4,2
DA:6,2
DA:7,0
DA:9,2
DA:12,0
DA:14,2
DA:19,1
DA:20,0
DA:21,0
DA:23,0
DA:25,0
DA:26,0
DA:28,0
DA:29,0
DA:31,0
DA:32,0
DA:34,0
DA:35,0
DA:37,0
DA:38,0
DA:39,0
DA:40,0
DA:41,0
DA:42,0
DA:43,0
DA:44,0
DA:46,0
DA:47,0
DA:48,0
DA:53,1
DA:59,1
DA:62,1
LF:33
LH:9
BRDA:6,0,0,0
BRDA:6,0,1,2
BRF:2
BRH:1
end_of_record
TN:
SF:server\app.js
FN:17,(anonymous_0)
FN:22,(anonymous_1)
FN:27,(anonymous_2)
FN:34,(anonymous_3)
FN:47,(anonymous_4)
FN:60,(anonymous_5)
FN:76,(anonymous_6)
FN:85,(anonymous_7)
FN:93,(anonymous_8)
FN:102,(anonymous_9)
FNF:10
FNH:6
FNDA:1,(anonymous_0)
FNDA:1,(anonymous_1)
FNDA:1,(anonymous_2)
FNDA:2,(anonymous_3)
FNDA:2,(anonymous_4)
FNDA:1,(anonymous_5)
FNDA:0,(anonymous_6)
FNDA:0,(anonymous_7)
FNDA:0,(anonymous_8)
FNDA:0,(anonymous_9)
DA:1,1
DA:2,1
DA:5,1
DA:6,1
DA:7,1
DA:9,1
DA:11,1
DA:12,1
DA:14,1
DA:17,1
DA:22,1
DA:23,1
DA:27,1
DA:28,1
DA:29,1
DA:30,1
DA:34,1
DA:36,2
DA:38,2
DA:39,2
DA:40,1
DA:42,1
DA:47,1
DA:49,2
DA:51,2
DA:52,2
DA:53,1
DA:55,1
DA:60,1
DA:62,1
DA:64,1
DA:65,1
DA:66,1
DA:67,0
DA:69,1
DA:71,0
DA:76,1
DA:77,0
DA:78,0
DA:80,0
DA:81,0
DA:82,0
DA:83,0
DA:84,0
DA:85,0
DA:86,0
DA:89,0
DA:93,1
DA:94,0
DA:95,0
DA:97,0
DA:98,0
DA:99,0
DA:100,0
DA:101,0
DA:102,0
DA:103,0
DA:106,0
DA:109,1
LF:59
LH:37
BRDA:1,0,0,1
BRDA:1,0,1,0
BRDA:66,1,0,0
BRDA:66,1,1,1
BRDA:66,2,0,1
BRDA:66,2,1,1
BRDA:85,3,0,0
BRDA:85,3,1,0
BRDA:86,4,0,0
BRDA:86,4,1,0
BRDA:102,5,0,0
BRDA:102,5,1,0
BRDA:103,6,0,0
BRDA:103,6,1,0
BRF:14
BRH:4
end_of_record
TN:
SF:server\models\post.js
FN:8,(anonymous_0)
FN:12,(anonymous_1)
FN:20,(anonymous_2)
FN:25,(anonymous_3)
FN:30,(anonymous_4)
FN:45,(anonymous_5)
FN:49,(anonymous_6)
FN:57,(anonymous_7)
FN:63,(anonymous_8)
FN:68,(anonymous_9)
FN:70,(anonymous_10)
FN:77,(anonymous_11)
FN:85,(anonymous_12)
FNF:13
FNH:9
FNDA:6,(anonymous_0)
FNDA:0,(anonymous_1)
FNDA:5,(anonymous_2)
FNDA:6,(anonymous_3)
FNDA:2,(anonymous_4)
FNDA:1,(anonymous_5)
FNDA:0,(anonymous_6)
FNDA:0,(anonymous_7)
FNDA:0,(anonymous_8)
FNDA:4,(anonymous_9)
FNDA:6,(anonymous_10)
FNDA:4,(anonymous_11)
FNDA:1,(anonymous_12)
DA:1,1
DA:2,1
DA:4,1
DA:5,1
DA:9,6
DA:10,6
DA:13,0
DA:14,0
DA:21,5
DA:22,4
DA:23,4
DA:24,4
DA:25,6
DA:26,4
DA:27,4
DA:32,2
DA:33,1
DA:34,0
DA:37,1
DA:45,1
DA:46,1
DA:47,0
DA:49,0
DA:50,0
DA:54,1
DA:58,0
DA:59,0
DA:60,0
DA:64,0
DA:65,0
DA:69,4
DA:70,6
DA:71,4
DA:73,1
DA:78,4
DA:79,4
DA:81,0
DA:86,1
DA:87,1
DA:88,1
DA:90,0
DA:95,1
LF:42
LH:29
BRDA:1,0,0,1
BRDA:1,0,1,0
BRDA:5,1,0,1
BRDA:5,1,1,1
BRDA:25,2,0,4
BRDA:25,2,1,0
BRDA:32,3,0,1
BRDA:32,3,1,1
BRDA:45,4,0,1
BRDA:45,4,1,1
BRDA:49,5,0,0
BRDA:49,5,1,0
BRDA:50,6,0,0
BRDA:50,6,1,0
BRF:14
BRH:8
end_of_record
